<?xml version="1.0" encoding="UTF-8"?>
<!-- Generated by org.testng.reporters.JUnitReportReporter -->
<testsuite hostname="TYP1517" failures="0" tests="5" name="com.vtiger.practice.TestNgPractice2Test" time="0.032" errors="0" timestamp="2022-05-19T22:49:50 IST" skipped="0">
  <testcase classname="com.vtiger.practice.TestNgPractice2Test" name="practice2Test" time="0.004"/>
  <system-out>
    <![CDATA[TestNgPractice2Test --> Test2]]>
  </system-out>
  <testcase classname="com.vtiger.practice.TestNgPractice2Test" name="practice1Test" time="0.005"/>
  <system-out>
    <![CDATA[TestNgPractice2Test --> Test1]]>
  </system-out>
  <testcase classname="com.vtiger.practice.TestNgPractice2Test" name="practice4Test" time="0.007"/>
  <system-out>
    <![CDATA[TestNgPractice2Test --> Test4]]>
  </system-out>
  <testcase classname="com.vtiger.practice.TestNgPractice2Test" name="practice3Test" time="0.008"/>
  <system-out>
    <![CDATA[TestNgPractice2Test --> Test3]]>
  </system-out>
  <testcase classname="com.vtiger.practice.TestNgPractice2Test" name="practice5Test" time="0.008"/>
  <system-out>
    <![CDATA[TestNgPractice2Test --> Test5]]>
  </system-out>
</testsuite> <!-- com.vtiger.practice.TestNgPractice2Test -->
