<?xml version="1.0" encoding="UTF-8"?>
<!-- Generated by org.testng.reporters.JUnitReportReporter -->
<testsuite hostname="TYP1517" failures="0" tests="1" name="com.vtiger.oganizationTest.CreateOrganizationTest" time="30.689" errors="0" timestamp="2022-05-23T18:34:20 IST" skipped="0">
  <testcase classname="com.vtiger.oganizationTest.CreateOrganizationTest" name="createOrganizationTest" time="30.689"/>
  <system-out/>
</testsuite> <!-- com.vtiger.oganizationTest.CreateOrganizationTest -->
