<?xml version="1.0" encoding="UTF-8"?>
<!-- Generated by org.testng.reporters.JUnitReportReporter -->
<testsuite hostname="TYP1517" failures="0" tests="1" name="com.vtiger.practice.shadow" time="14.369" errors="0" timestamp="2022-06-03T12:22:50 IST" skipped="0">
  <testcase classname="com.vtiger.practice.shadow" name="test1" time="14.369"/>
  <system-out/>
</testsuite> <!-- com.vtiger.practice.shadow -->
