<?xml version="1.0" encoding="UTF-8"?>
<!-- Generated by org.testng.reporters.JUnitReportReporter -->
<testsuite hostname="TYP1517" failures="0" tests="3" name="com.vtiger.practice.TestNgBasicConfigAnnotationPracticeTest" time="0.020" errors="0" timestamp="2022-05-16T16:02:38 IST" skipped="0">
  <testcase classname="com.vtiger.practice.TestNgBasicConfigAnnotationPracticeTest" name="test1Test" time="0.011"/>
  <system-out>
    <![CDATA[test1]]>
  </system-out>
  <testcase classname="com.vtiger.practice.TestNgBasicConfigAnnotationPracticeTest" name="test3Test" time="0.005"/>
  <system-out>
    <![CDATA[test3]]>
  </system-out>
  <testcase classname="com.vtiger.practice.TestNgBasicConfigAnnotationPracticeTest" name="test2Test" time="0.004"/>
  <system-out>
    <![CDATA[test2]]>
  </system-out>
</testsuite> <!-- com.vtiger.practice.TestNgBasicConfigAnnotationPracticeTest -->
