<?xml version="1.0" encoding="UTF-8"?>
<!-- Generated by org.testng.reporters.JUnitReportReporter -->
<testsuite hostname="TYP1517" failures="0" tests="1" name="com.vtiger.campaignsTest.CreateCampaignTest" time="7.532" errors="0" timestamp="2022-05-23T13:22:42 IST" skipped="0">
  <testcase classname="com.vtiger.campaignsTest.CreateCampaignTest" name="createCampaignTest" time="7.532"/>
  <system-out>
    <![CDATA[campaign created Successfully
TC Pass]]>
  </system-out>
</testsuite> <!-- com.vtiger.campaignsTest.CreateCampaignTest -->
