<?xml version="1.0" encoding="UTF-8"?>
<!-- Generated by org.testng.reporters.JUnitReportReporter -->
<testsuite hostname="TYP1517" failures="0" tests="1" name="com.vtiger.practice.GetTheGoldCountInOlampicWebsite" time="26.880" errors="0" timestamp="2022-06-02T16:35:51 IST" skipped="0">
  <testcase classname="com.vtiger.practice.GetTheGoldCountInOlampicWebsite" name="getGoldCount" time="26.880"/>
  <system-out/>
</testsuite> <!-- com.vtiger.practice.GetTheGoldCountInOlampicWebsite -->
