<?xml version="1.0" encoding="UTF-8"?>
<!-- Generated by org.testng.reporters.JUnitReportReporter -->
<testsuite hostname="TYP1517" failures="0" tests="1" name="com.vtiger.practice.ShadowElement1" time="5.603" errors="0" timestamp="2022-06-03T16:22:04 IST" skipped="0">
  <testcase classname="com.vtiger.practice.ShadowElement1" name="practice" time="5.603"/>
  <system-out/>
</testsuite> <!-- com.vtiger.practice.ShadowElement1 -->
