<?xml version="1.0" encoding="UTF-8"?>
<!-- Generated by org.testng.reporters.JUnitReportReporter -->
<testsuite hostname="TYP1517" failures="0" tests="1" name="com.vtiger.productsTest.CreateProductsTest" time="28.610" errors="0" timestamp="2022-05-23T18:34:20 IST" skipped="0">
  <testcase classname="com.vtiger.productsTest.CreateProductsTest" name="createProductsTest" time="28.610"/>
  <system-out/>
</testsuite> <!-- com.vtiger.productsTest.CreateProductsTest -->
