<?xml version="1.0" encoding="UTF-8"?>
<!-- Generated by org.testng.reporters.JUnitReportReporter -->
<testsuite hostname="TYP1517" failures="0" tests="1" name="com.vtiger.practice.CalenderPopupWay1" time="6.179" errors="0" timestamp="2022-06-08T10:56:12 IST" skipped="0">
  <testcase classname="com.vtiger.practice.CalenderPopupWay1" name="test1" time="6.179"/>
  <system-out/>
</testsuite> <!-- com.vtiger.practice.CalenderPopupWay1 -->
