<?xml version="1.0" encoding="UTF-8"?>
<!-- Generated by org.testng.reporters.JUnitReportReporter -->
<testsuite hostname="TYP1517" failures="0" tests="1" name="com.vtiger.practice.DynamicWebTableVtiger" time="8.158" errors="0" timestamp="2022-06-03T11:25:42 IST" skipped="0">
  <testcase classname="com.vtiger.practice.DynamicWebTableVtiger" name="test1" time="8.158"/>
  <system-out/>
</testsuite> <!-- com.vtiger.practice.DynamicWebTableVtiger -->
