<?xml version="1.0" encoding="UTF-8"?>
<!-- Generated by org.testng.reporters.JUnitReportReporter -->
<testsuite hostname="TYP1517" failures="0" tests="1" name="com.vtiger.practice.printmethodname" time="0.013" errors="0" timestamp="2022-05-18T17:43:47 IST" skipped="0">
  <testcase classname="com.vtiger.practice.printmethodname" name="main" time="0.013"/>
  <system-out/>
</testsuite> <!-- com.vtiger.practice.printmethodname -->
