<?xml version="1.0" encoding="UTF-8"?>
<!-- Generated by org.testng.reporters.JUnitReportReporter -->
<testsuite hostname="TYP1517" failures="0" tests="1" name="com.vtiger.practice.CalenderPopupWay2" time="6.184" errors="0" timestamp="2022-06-08T11:39:54 IST" skipped="0">
  <testcase classname="com.vtiger.practice.CalenderPopupWay2" name="test1" time="6.184"/>
  <system-out/>
</testsuite> <!-- com.vtiger.practice.CalenderPopupWay2 -->
