<?xml version="1.0" encoding="UTF-8"?>
<!-- Generated by org.testng.reporters.JUnitReportReporter -->
<testsuite hostname="TYP1517" failures="0" tests="1" name="com.vtiger.campaignsTest.CreateCampaignWithProductTest" time="26.183" errors="0" timestamp="2022-05-20T10:43:53 IST" skipped="0">
  <testcase classname="com.vtiger.campaignsTest.CreateCampaignWithProductTest" name="createCampaignWithProductTest" time="26.183"/>
  <system-out>
    <![CDATA[campaign with product created Successfully
TC Pass
 created Successfully
TC Pass]]>
  </system-out>
</testsuite> <!-- com.vtiger.campaignsTest.CreateCampaignWithProductTest -->
