<?xml version="1.0" encoding="UTF-8"?>
<!-- Generated by org.testng.reporters.JUnitReportReporter -->
<testsuite hostname="TYP1517" failures="0" tests="1" name="com.vtiger.practice.BrokenLinks" time="54.628" errors="0" timestamp="2022-06-08T13:31:31 IST" skipped="0">
  <testcase classname="com.vtiger.practice.BrokenLinks" name="test1" time="54.628"/>
  <system-out/>
</testsuite> <!-- com.vtiger.practice.BrokenLinks -->
