<?xml version="1.0" encoding="UTF-8"?>
<!-- Generated by org.testng.reporters.JUnitReportReporter -->
<testsuite hostname="TYP1517" failures="0" tests="1" name="com.vtiger.contactsTest.CreateContactWithOrganizationTest" time="39.051" errors="0" timestamp="2022-05-20T10:43:53 IST" skipped="0">
  <testcase classname="com.vtiger.contactsTest.CreateContactWithOrganizationTest" name="createContactWithOrganizationTest" time="39.051"/>
  <system-out/>
</testsuite> <!-- com.vtiger.contactsTest.CreateContactWithOrganizationTest -->
