<?xml version="1.0" encoding="UTF-8"?>
<!-- Generated by org.testng.reporters.JUnitReportReporter -->
<testsuite hostname="TYP1517" failures="0" tests="1" name="com.vtiger.oganizationTest.CreateOrganizationWithIndustryAndTypeTest" time="33.827" errors="0" timestamp="2022-05-20T09:13:27 IST" skipped="0">
  <testcase classname="com.vtiger.oganizationTest.CreateOrganizationWithIndustryAndTypeTest" name="createOrganizationWithIndustryAndTypeTest" time="33.827"/>
  <system-out/>
</testsuite> <!-- com.vtiger.oganizationTest.CreateOrganizationWithIndustryAndTypeTest -->
