<?xml version="1.0" encoding="UTF-8"?>
<!-- Generated by org.testng.reporters.JUnitReportReporter -->
<testsuite hostname="TYP1517" failures="0" tests="1" name="com.vtiger.oganizationTest.DeleteOrganizationTest" time="25.382" errors="0" timestamp="2022-06-03T15:26:42 IST" skipped="0">
  <testcase classname="com.vtiger.oganizationTest.DeleteOrganizationTest" name="deleteOrganizationTest" time="25.382"/>
  <system-out/>
</testsuite> <!-- com.vtiger.oganizationTest.DeleteOrganizationTest -->
